[1113/231859.011:ERROR:audio_rtp_receiver.cc(89)] AudioRtpReceiver::OnSetVolume: No audio channel exists.
[1113/231859.012:WARNING:used_ids.h(55)] Duplicate id found. Reassigning from 104 to 127
[1113/231859.012:WARNING:used_ids.h(55)] Duplicate id found. Reassigning from 102 to 125
[1113/231859.012:WARNING:used_ids.h(55)] Duplicate id found. Reassigning from 104 to 124
[1113/231859.012:WARNING:used_ids.h(55)] Duplicate id found. Reassigning from 106 to 123
[1113/231859.012:WARNING:used_ids.h(55)] Duplicate id found. Reassigning from 103 to 122
[1113/231859.012:WARNING:used_ids.h(55)] Duplicate id found. Reassigning from 105 to 121
[1113/231859.012:WARNING:used_ids.h(55)] Duplicate id found. Reassigning from 109 to 120
[1113/231859.012:WARNING:used_ids.h(55)] Duplicate id found. Reassigning from 1 to 14
[1113/231859.012:WARNING:used_ids.h(55)] Duplicate id found. Reassigning from 3 to 13
[1113/231859.012:WARNING:used_ids.h(55)] Duplicate id found. Reassigning from 5 to 12
[1113/231859.012:WARNING:used_ids.h(55)] Duplicate id found. Reassigning from 6 to 11
[1113/231908.276:ERROR:audio_rtp_receiver.cc(89)] AudioRtpReceiver::OnSetVolume: No audio channel exists.
[1113/231908.277:WARNING:used_ids.h(55)] Duplicate id found. Reassigning from 104 to 127
[1113/231908.277:WARNING:used_ids.h(55)] Duplicate id found. Reassigning from 102 to 125
[1113/231908.277:WARNING:used_ids.h(55)] Duplicate id found. Reassigning from 104 to 124
[1113/231908.277:WARNING:used_ids.h(55)] Duplicate id found. Reassigning from 106 to 123
[1113/231908.277:WARNING:used_ids.h(55)] Duplicate id found. Reassigning from 103 to 122
[1113/231908.277:WARNING:used_ids.h(55)] Duplicate id found. Reassigning from 105 to 121
[1113/231908.277:WARNING:used_ids.h(55)] Duplicate id found. Reassigning from 109 to 120
[1113/231908.277:WARNING:used_ids.h(55)] Duplicate id found. Reassigning from 1 to 14
[1113/231908.277:WARNING:used_ids.h(55)] Duplicate id found. Reassigning from 3 to 13
[1113/231908.277:WARNING:used_ids.h(55)] Duplicate id found. Reassigning from 5 to 12
[1113/231908.277:WARNING:used_ids.h(55)] Duplicate id found. Reassigning from 6 to 11
[1113/231916.538:ERROR:batching_media_log.cc(38)] MediaEvent: {"error":"FFmpegDemuxer: no supported streams"}
[1113/231916.539:ERROR:batching_media_log.cc(35)] MediaEvent: {"pipeline_error":14}
[1113/231917.433:ERROR:batching_media_log.cc(38)] MediaEvent: {"error":"FFmpegDemuxer: no supported streams"}
[1113/231917.433:ERROR:batching_media_log.cc(35)] MediaEvent: {"pipeline_error":14}
[1115/191653.868:ERROR:batching_media_log.cc(38)] MediaEvent: {"error":"FFmpegDemuxer: no supported streams"}
[1115/191653.881:ERROR:batching_media_log.cc(38)] MediaEvent: {"error":"FFmpegDemuxer: no supported streams"}
[1115/191653.881:ERROR:batching_media_log.cc(35)] MediaEvent: {"pipeline_error":14}
[1115/191653.882:ERROR:batching_media_log.cc(35)] MediaEvent: {"pipeline_error":14}
[1115/191654.064:WARNING:spdy_session.cc(3365)] Received HEADERS for invalid stream 15
[1115/191654.197:WARNING:spdy_session.cc(3365)] Received HEADERS for invalid stream 17
